  main.cpp
c:\users\f2289\desktop\繪圖程式設計與應用\assignment\as1\as1\include\tinyobj\tiny_obj_loader.h(1092): warning C4996: 'sscanf': This function or variable may be unsafe. Consider using sscanf_s instead. To disable deprecation, use _CRT_SECURE_NO_WARNINGS. See online help for details.
  C:\Program Files (x86)\Windows Kits\10\Include\10.0.10240.0\ucrt\stdio.h(2254): note: 請參閱 'sscanf' 的宣告
c:\users\f2289\desktop\繪圖程式設計與應用\assignment\as1\as1\include\tinyobj\tiny_obj_loader.h(1116): warning C4996: 'sscanf': This function or variable may be unsafe. Consider using sscanf_s instead. To disable deprecation, use _CRT_SECURE_NO_WARNINGS. See online help for details.
  C:\Program Files (x86)\Windows Kits\10\Include\10.0.10240.0\ucrt\stdio.h(2254): note: 請參閱 'sscanf' 的宣告
c:\users\f2289\desktop\繪圖程式設計與應用\assignment\as1\as1\source\../Include/Common.h(123): warning C4018: '<': signed/unsigned 不相符
c:\users\f2289\desktop\繪圖程式設計與應用\assignment\as1\as1\source\../Include/Common.h(125): warning C4018: '<': signed/unsigned 不相符
..\..\Source\main.cpp(133): warning C4996: 'fopen': This function or variable may be unsafe. Consider using fopen_s instead. To disable deprecation, use _CRT_SECURE_NO_WARNINGS. See online help for details.
  C:\Program Files (x86)\Windows Kits\10\Include\10.0.10240.0\ucrt\stdio.h(205): note: 請參閱 'fopen' 的宣告
..\..\Source\main.cpp(170): warning C4244: '正在初始化': 將 'double' 轉換為 'float'，由於類型不同，可能導致資料遺失
..\..\Source\main.cpp(170): warning C4244: '正在初始化': 將 'double' 轉換為 'const float'，由於類型不同，可能導致資料遺失
..\..\Source\main.cpp(171): warning C4244: '正在初始化': 將 'double' 轉換為 'float'，由於類型不同，可能導致資料遺失
..\..\Source\main.cpp(171): warning C4244: '正在初始化': 將 'double' 轉換為 'const float'，由於類型不同，可能導致資料遺失
..\..\Source\main.cpp(177): warning C4018: '<': signed/unsigned 不相符
..\..\Source\main.cpp(178): warning C4018: '<': signed/unsigned 不相符
..\..\Source\main.cpp(179): warning C4244: '正在初始化': 將 'double' 轉換為 'float'，由於類型不同，可能導致資料遺失
..\..\Source\main.cpp(179): warning C4244: '正在初始化': 將 'double' 轉換為 'const float'，由於類型不同，可能導致資料遺失
..\..\Source\main.cpp(180): warning C4244: '正在初始化': 將 'double' 轉換為 'float'，由於類型不同，可能導致資料遺失
..\..\Source\main.cpp(180): warning C4244: '正在初始化': 將 'double' 轉換為 'const float'，由於類型不同，可能導致資料遺失
..\..\Source\main.cpp(181): warning C4244: '正在初始化': 將 'double' 轉換為 'float'，由於類型不同，可能導致資料遺失
..\..\Source\main.cpp(181): warning C4244: '正在初始化': 將 'double' 轉換為 'const float'，由於類型不同，可能導致資料遺失
..\..\Source\main.cpp(191): warning C4018: '<': signed/unsigned 不相符
..\..\Source\main.cpp(192): warning C4018: '<': signed/unsigned 不相符
..\..\Source\main.cpp(223): warning C4244: '正在初始化': 將 'int' 轉換為 'float'，由於類型不同，可能導致資料遺失
..\..\Source\main.cpp(304): warning C4018: '<': signed/unsigned 不相符
  正在產生程式碼
  2 of 934 functions ( 0.2%) were compiled, the rest were copied from previous compilation.
    0 functions were new in current compilation
    0 functions had inline decision re-evaluated but remain unchanged
  已完成程式碼產生
  Quiz Framework.vcxproj -> C:\Users\f2289\Desktop\繪圖程式設計與應用\Assignment\AS1\AS1\AS1\Quiz Framework\Release\Quiz Framework.exe
  Quiz Framework.vcxproj -> C:\Users\f2289\Desktop\繪圖程式設計與應用\Assignment\AS1\AS1\AS1\Quiz Framework\Release\Quiz Framework.pdb (Full PDB)
