C:\Program Files (x86)\MSBuild\Microsoft.Cpp\v4.0\V140\Microsoft.CppBuild.targets(392,5): warning MSB8028: The intermediate directory (Release\) contains files shared from another project (Simple_Tessellation.vcxproj, Single_Triangle_RGB.vcxproj, Single_Triangle_Sin_Colored.vcxproj, Single_Triangle.vcxproj, Vertex_Attribute_Variable.vcxproj).  This can lead to incorrect clean and rebuild behavior.
  Single_Point.cpp
c:\users\f2289\desktop\繪圖程式設計與應用\examples\include\tinyobj\tiny_obj_loader.h(1092): warning C4996: 'sscanf': This function or variable may be unsafe. Consider using sscanf_s instead. To disable deprecation, use _CRT_SECURE_NO_WARNINGS. See online help for details.
  C:\Program Files (x86)\Windows Kits\10\Include\10.0.10240.0\ucrt\stdio.h(2254): note: 請參閱 'sscanf' 的宣告
c:\users\f2289\desktop\繪圖程式設計與應用\examples\include\tinyobj\tiny_obj_loader.h(1116): warning C4996: 'sscanf': This function or variable may be unsafe. Consider using sscanf_s instead. To disable deprecation, use _CRT_SECURE_NO_WARNINGS. See online help for details.
  C:\Program Files (x86)\Windows Kits\10\Include\10.0.10240.0\ucrt\stdio.h(2254): note: 請參閱 'sscanf' 的宣告
c:\users\f2289\desktop\繪圖程式設計與應用\examples\source\single_point\../../Include/Common.h(123): warning C4018: '<': signed/unsigned 不相符
c:\users\f2289\desktop\繪圖程式設計與應用\examples\source\single_point\../../Include/Common.h(125): warning C4018: '<': signed/unsigned 不相符
..\..\Source\Single_Point\Single_Point.cpp(26): warning C4244: '引數': 將 'double' 轉換為 'GLfloat'，由於類型不同，可能導致資料遺失
..\..\Source\Single_Point\Single_Point.cpp(27): warning C4244: '引數': 將 'double' 轉換為 'GLfloat'，由於類型不同，可能導致資料遺失
..\..\Source\Single_Point\Single_Point.cpp(28): warning C4244: '引數': 將 'double' 轉換為 'GLfloat'，由於類型不同，可能導致資料遺失
..\..\Source\Single_Point\Single_Point.cpp(29): warning C4244: '引數': 將 'double' 轉換為 'GLfloat'，由於類型不同，可能導致資料遺失
..\..\Source\Single_Point\Single_Point.cpp(50): warning C4838: 從 'double' 到 'GLfloat' 的轉換必須是縮小轉換
..\..\Source\Single_Point\Single_Point.cpp(50): warning C4305: '正在初始化': 從 'double' 轉換為 'GLfloat'，是由較大的類型轉換為較小的類型，可能導致資料遺失
..\..\Source\Single_Point\Single_Point.cpp(51): warning C4838: 從 'double' 到 'GLfloat' 的轉換必須是縮小轉換
..\..\Source\Single_Point\Single_Point.cpp(51): warning C4305: '正在初始化': 從 'double' 轉換為 'GLfloat'，是由較大的類型轉換為較小的類型，可能導致資料遺失
  正在產生程式碼
  2 of 599 functions ( 0.3%) were compiled, the rest were copied from previous compilation.
    0 functions were new in current compilation
    0 functions had inline decision re-evaluated but remain unchanged
  已完成程式碼產生
  Single_Point.vcxproj -> C:\Users\f2289\Desktop\繪圖程式設計與應用\Examples\VC10\Lecture 01\Release\Single_Point.exe
  Single_Point.vcxproj -> C:\Users\f2289\Desktop\繪圖程式設計與應用\Examples\VC10\Lecture 01\Release\Single_Point.pdb (Full PDB)
